<?xml version="1.0" encoding="UTF-8"?>
<!-- Generated by org.testng.reporters.JUnitReportReporter -->
<testsuite name="testcases.DownloadFileConcept" tests="1" time="18.769" ignored="0" failures="0" timestamp="12 May 2020 09:28:04 GMT" skipped="0" hostname="LAPTOP-068F4HI7" errors="0">
  <testcase name="Downloadfile" time="18.769" classname="testcases.DownloadFileConcept"/>
</testsuite> <!-- testcases.DownloadFileConcept -->
