<?xml version="1.0" encoding="UTF-8"?>
<!-- Generated by org.testng.reporters.JUnitReportReporter -->
<testsuite name="com.test.TestNGFeatures" tests="4" time="0.064" ignored="0" failures="0" timestamp="05 May 2020 11:42:43 GMT" skipped="0" hostname="LAPTOP-068F4HI7" errors="0">
  <testcase name="HomePageTest" time="0.002" classname="com.test.TestNGFeatures"/>
  <testcase name="RegPageTest" time="0.007" classname="com.test.TestNGFeatures"/>
  <testcase name="searchPageTest" time="0.050" classname="com.test.TestNGFeatures"/>
  <testcase name="loginTest" time="0.005" classname="com.test.TestNGFeatures"/>
</testsuite> <!-- com.test.TestNGFeatures -->
