<?xml version="1.0" encoding="UTF-8"?>
<!-- Generated by org.testng.reporters.JUnitReportReporter -->
<testsuite name="com.test.InvocationCountTest" tests="10" time="0.022" ignored="0" failures="0" timestamp="05 May 2020 11:42:43 GMT" skipped="0" hostname="LAPTOP-068F4HI7" errors="0">
  <testcase name="sum" time="0.001" classname="com.test.InvocationCountTest"/>
  <testcase name="sum" time="0.002" classname="com.test.InvocationCountTest"/>
  <testcase name="sum" time="0.002" classname="com.test.InvocationCountTest"/>
  <testcase name="sum" time="0.003" classname="com.test.InvocationCountTest"/>
  <testcase name="sum" time="0.001" classname="com.test.InvocationCountTest"/>
  <testcase name="sum" time="0.002" classname="com.test.InvocationCountTest"/>
  <testcase name="sum" time="0.004" classname="com.test.InvocationCountTest"/>
  <testcase name="sum" time="0.002" classname="com.test.InvocationCountTest"/>
  <testcase name="sum" time="0.003" classname="com.test.InvocationCountTest"/>
  <testcase name="sum" time="0.002" classname="com.test.InvocationCountTest"/>
</testsuite> <!-- com.test.InvocationCountTest -->
