<?xml version="1.0" encoding="UTF-8"?>
<!-- Generated by org.testng.reporters.JUnitReportReporter -->
<testsuite name="com.test.testNGBasics" tests="3" time="0.014" ignored="0" failures="0" timestamp="05 May 2020 11:42:43 GMT" skipped="0" hostname="LAPTOP-068F4HI7" errors="0">
  <testcase name="searchTest" time="0.003" classname="com.test.testNGBasics"/>
  <testcase name="googlePageTitle" time="0.007" classname="com.test.testNGBasics"/>
  <testcase name="googleLogoTest" time="0.004" classname="com.test.testNGBasics"/>
</testsuite> <!-- com.test.testNGBasics -->
