<?xml version="1.0" encoding="UTF-8"?>
<!-- Generated by org.testng.reporters.JUnitReportReporter -->
<testsuite name="com.test.ExceptionTimeOutTest" tests="1" time="0.019" ignored="0" failures="0" timestamp="05 May 2020 11:42:43 GMT" skipped="0" hostname="LAPTOP-068F4HI7" errors="0">
  <testcase name="test1" time="0.019" classname="com.test.ExceptionTimeOutTest"/>
</testsuite> <!-- com.test.ExceptionTimeOutTest -->
